<?xml version="1.0" encoding="UTF-8"?>
<!-- Generated by org.testng.reporters.JUnitReportReporter -->
<testsuite name="com.mock.test.NewTest" tests="3" time="0.013" ignored="0" failures="0" timestamp="09 四月 2018 14:06:58 GMT" skipped="0" hostname="fub" errors="0">
  <testcase name="runOtherTest1" time="0.002" classname="com.mock.test.NewTest"/>
  <testcase name="runOtherTest2" time="0.002" classname="com.mock.test.NewTest"/>
  <testcase name="firstTestCase" time="0.009" classname="com.mock.test.NewTest"/>
</testsuite> <!-- com.mock.test.NewTest -->
